{
  "0 debug pnpm:scope": {
    "selected": 1
  },
  "1 error pnpm": {
    "code": "ELIFECYCLE",
    "errno": "ENOENT",
    "syscall": "spawn",
    "file": "sh",
    "pkgid": "rg-stats@0.1.0-prerelease",
    "stage": "lint",
    "script": "eslint . --fix",
    "pkgname": "rg-stats",
    "err": {
      "name": "pnpm",
      "message": "rg-stats@0.1.0-prerelease lint: `eslint . --fix`\nspawn ENOENT",
      "code": "ELIFECYCLE",
      "stack": "pnpm: rg-stats@0.1.0-prerelease lint: `eslint . --fix`\nspawn ENOENT\n    at ChildProcess.<anonymous> (/usr/lib/node_modules/pnpm/dist/pnpm.cjs:91976:22)\n    at ChildProcess.emit (node:events:390:28)\n    at maybeClose (node:internal/child_process:1062:16)\n    at Process.ChildProcess._handle.onexit (node:internal/child_process:301:5)"
    }
  },
  "2 warn pnpm:global": " Local package.json exists, but node_modules missing, did you mean to install?"
}